<?xml version="1.0" encoding="UTF-8"?>
<testng-results ignored="0" total="2" passed="2" failed="0" skipped="0">
  <reporter-output>
  </reporter-output>
  <suite started-at="2023-12-12T08:45:11 MSK" name="Surefire suite" finished-at="2023-12-12T08:45:56 MSK" duration-ms="45732">
    <groups>
    </groups>
    <test started-at="2023-12-12T08:45:11 MSK" name="Surefire test" finished-at="2023-12-12T08:45:56 MSK" duration-ms="45732">
      <class name="tests.WebSiteTest">
        <test-method is-config="true" signature="setUp()[pri:0, instance:tests.WebSiteTest@1f97cf0d]" started-at="2023-12-12T08:45:11 MSK" name="setUp" finished-at="2023-12-12T08:45:15 MSK" duration-ms="3864" status="PASS">
          <reporter-output>
          </reporter-output>
        </test-method> <!-- setUp -->
        <test-method signature="addToFavouriteTest()[pri:0, instance:tests.WebSiteTest@1f97cf0d]" started-at="2023-12-12T08:45:15 MSK" name="addToFavouriteTest" finished-at="2023-12-12T08:45:36 MSK" duration-ms="21964" status="PASS">
          <reporter-output>
          </reporter-output>
        </test-method> <!-- addToFavouriteTest -->
        <test-method is-config="true" signature="tearDown()[pri:0, instance:tests.WebSiteTest@1f97cf0d]" started-at="2023-12-12T08:45:37 MSK" name="tearDown" finished-at="2023-12-12T08:45:37 MSK" duration-ms="262" status="PASS">
          <reporter-output>
          </reporter-output>
        </test-method> <!-- tearDown -->
        <test-method is-config="true" signature="setUp()[pri:0, instance:tests.WebSiteTest@1f97cf0d]" started-at="2023-12-12T08:45:37 MSK" name="setUp" finished-at="2023-12-12T08:45:38 MSK" duration-ms="1582" status="PASS">
          <reporter-output>
          </reporter-output>
        </test-method> <!-- setUp -->
        <test-method signature="testCallBack()[pri:0, instance:tests.WebSiteTest@1f97cf0d]" started-at="2023-12-12T08:45:38 MSK" name="testCallBack" finished-at="2023-12-12T08:45:56 MSK" duration-ms="17691" status="PASS">
          <reporter-output>
          </reporter-output>
        </test-method> <!-- testCallBack -->
        <test-method is-config="true" signature="tearDown()[pri:0, instance:tests.WebSiteTest@1f97cf0d]" started-at="2023-12-12T08:45:56 MSK" name="tearDown" finished-at="2023-12-12T08:45:56 MSK" duration-ms="299" status="PASS">
          <reporter-output>
          </reporter-output>
        </test-method> <!-- tearDown -->
      </class> <!-- tests.WebSiteTest -->
    </test> <!-- Surefire test -->
  </suite> <!-- Surefire suite -->
</testng-results>
